"../../../../../../Users/capti/Desktop/Unreal Games/CurdleJam35-Repo/Project/Content/Materials/ClearRoof.uasset" 0
"../../../../../../Users/capti/Desktop/Unreal Games/CurdleJam35-Repo/Project/Content/Particles/blue_particle3_finalsize.uasset" 1
"../../../../../../Users/capti/Desktop/Unreal Games/CurdleJam35-Repo/Project/Content/Particles/blue_particle4_fullsize.uasset" 2
"../../../../../../Users/capti/Desktop/Unreal Games/CurdleJam35-Repo/Project/Content/Particles/blue_particle_finalsize.uasset" 3
"../../../../../../Users/capti/Desktop/Unreal Games/CurdleJam35-Repo/Project/Content/Particles/red_particle2_finalsize.uasset" 4
"../../../../../../Users/capti/Desktop/Unreal Games/CurdleJam35-Repo/Project/Content/Particles/red_particle3_finalsize.uasset" 5
"../../../../../../Users/capti/Desktop/Unreal Games/CurdleJam35-Repo/Project/Content/Particles/red_particle4_finalsize.uasset" 6
"../../../../../../Users/capti/Desktop/Unreal Games/CurdleJam35-Repo/Project/Content/Particles/red_particle_finalsize.uasset" 7
"../../../../../../Users/capti/Desktop/Unreal Games/CurdleJam35-Repo/Project/Content/UI/button.uasset" 8
"../../../Engine/Content/Animation/DefaultAnimCurveCompressionSettings.uasset" 9
"../../../Engine/Content/Functions/Engine_MaterialFunctions01/Opacity/CameraDepthFade.uasset" 10
"../../../Engine/Content/EngineMaterials/T_Default_Material_Grid_M.uasset" 11
"../../../Engine/Content/EngineMaterials/T_Default_Material_Grid_N.uasset" 12
"../../../Engine/Content/EngineMaterials/WorldGridMaterial.uasset" 13
"../../../Engine/Content/ArtTools/RenderToTexture/Meshes/S_1_Unit_Plane.uasset" 14
"../../../Engine/Content/EngineMaterials/DefaultMaterial.uasset" 15
"../../../Engine/Content/BasicShapes/Cone.uasset" 16
"../../../Engine/Content/EditorLandscapeResources/DataLayer.uasset" 17
"../../../Engine/Content/EditorMaterials/GizmoMaterial.uasset" 18
"../../../Engine/Content/EditorMaterials/MAT_Groups_Toggle.uasset" 19
"../../../Engine/Content/EditorMaterials/MAT_Groups_Visibility.uasset" 20
"../../../Engine/Content/EditorMaterials/PreviewShadowIndicator.uasset" 21
"../../../Engine/Content/EditorMaterials/PreviewShadowIndicatorMaterial.uasset" 22
"../../../Engine/Content/EditorMaterials/MatineeGroups/MAT_ColorTrack.uasset" 23
"../../../Engine/Content/EditorMaterials/MatineeGroups/MAT_Groups_Anim.uasset" 24
"../../../Engine/Content/EditorMaterials/MatineeGroups/MAT_Groups_AudioMaster.uasset" 25
"../../../Engine/Content/EditorMaterials/MatineeGroups/MAT_Groups_Director.uasset" 26
"../../../Engine/Content/EditorMaterials/MatineeGroups/MAT_Groups_Event.uasset" 27
"../../../Engine/Content/EditorMaterials/MatineeGroups/MAT_Groups_Fade.uasset" 28
"../../../Engine/Content/EditorMaterials/MatineeGroups/MAT_Groups_Float.uasset" 29
"../../../Engine/Content/EditorMaterials/MatineeGroups/MAT_Groups_Move.uasset" 30
"../../../Engine/Content/EditorMaterials/MatineeGroups/MAT_Groups_Slomo.uasset" 31
"../../../Engine/Content/EditorMaterials/MatineeGroups/MAT_Groups_Sound.uasset" 32
"../../../Engine/Content/EditorMaterials/MatineeGroups/MAT_Groups_Vector.uasset" 33
"../../../Engine/Content/EditorMaterials/ParticleSystems/PSysThumbnail_NoImage.uasset" 34
"../../../Engine/Content/EditorMaterials/ParticleSystems/PSysThumbnail_OOD.uasset" 35
"../../../Engine/Content/EditorMaterials/Camera/CineMat.uasset" 36
"../../../Engine/Content/EditorMaterials/Camera/MI_CineMat_Rig.uasset" 37
"../../../Engine/Content/EditorMeshes/Camera/SM_CraneRig_Arm.uasset" 38
"../../../Engine/Content/EditorMeshes/Camera/SM_CraneRig_Base.uasset" 39
"../../../Engine/Content/EditorMeshes/Camera/SM_CraneRig_Body.uasset" 40
"../../../Engine/Content/EditorMeshes/Camera/SM_CraneRig_Mount.uasset" 41
"../../../Engine/Content/EditorMeshes/Camera/SM_RailRig_Mount.uasset" 42
"../../../Engine/Content/EditorMeshes/Camera/SM_RailRig_Track.uasset" 43
"../../../Engine/Content/EditorResources/BSPVertex.uasset" 44
"../../../Engine/Content/EditorResources/EmptyActor.uasset" 45
"../../../Engine/Content/EditorResources/S_Actor.uasset" 46
"../../../Engine/Content/EditorResources/S_Note.uasset" 47
"../../../Engine/Content/EditorResources/S_Solver.uasset" 48
"../../../Engine/Content/EditorResources/S_Trigger.uasset" 49
"../../../Engine/Content/EditorResources/LightIcons/S_LightError.uasset" 50
"../../../Engine/Content/EditorResources/SequenceRecorder/Countdown.uasset" 51
"../../../Engine/Content/EditorResources/SequenceRecorder/RecordingIndicator.uasset" 52
"../../../Engine/Content/EditorSounds/Notifications/CompileFailed.uasset" 53
"../../../Engine/Content/EditorSounds/Notifications/CompileFailed_Cue.uasset" 54
"../../../Engine/Content/EditorSounds/Notifications/CompileSuccess.uasset" 55
"../../../Engine/Content/EditorSounds/Notifications/CompileStart_Cue.uasset" 56
"../../../Engine/Content/EditorSounds/Notifications/CompileSuccess_Cue.uasset" 57
"../../../Engine/Content/EngineDamageTypes/DmgTypeBP_Environmental.uasset" 58
"../../../Engine/Content/EngineDebugMaterials/HeatmapGradient.uasset" 59
"../../../Engine/Content/EngineDebugMaterials/BoneWeightMaterial.uasset" 60
"../../../Engine/Content/EngineDebugMaterials/ClothMaterial.uasset" 61
"../../../Engine/Content/EngineDebugMaterials/ClothMaterial_WF.uasset" 62
"../../../Engine/Content/EngineDebugMaterials/DebugEditorMaterial.uasset" 63
"../../../Engine/Content/EngineDebugMaterials/DebugMeshMaterial.uasset" 64
"../../../Engine/Content/EngineDebugMaterials/GeomMaterial.uasset" 65
"../../../Engine/Content/EngineDebugMaterials/M_SimpleTranslucent.uasset" 66
"../../../Engine/Content/Functions/Engine_MaterialFunctions02/Utility/CameraDirectionVector.uasset" 67
"../../../Engine/Content/EngineDebugMaterials/VolumeToRender.uasset" 68
"../../../Engine/Content/EngineDebugMaterials/M_VolumeRenderSphereTracePP.uasset" 69
"../../../Engine/Content/EngineDebugMaterials/WireframeMaterial.uasset" 70
"../../../Engine/Content/EngineFonts/Faces/RobotoBold.uasset" 71
"../../../Engine/Content/EngineFonts/Faces/RobotoBoldItalic.uasset" 72
"../../../Engine/Content/EngineFonts/Faces/RobotoItalic.uasset" 73
"../../../Engine/Content/EngineFonts/Faces/RobotoLight.uasset" 74
"../../../Engine/Content/EngineFonts/Faces/RobotoRegular.uasset" 75
"../../../Engine/Content/EngineFonts/Roboto.uasset" 76
"../../../Engine/Content/EngineMaterials/BaseFlattenDiffuseMap.uasset" 77
"../../../Engine/Content/EngineMaterials/BaseFlattenEmissiveMap.uasset" 78
"../../../Engine/Content/EngineMaterials/BaseFlattenGrayscaleMap.uasset" 79
"../../../Engine/Content/EngineMaterials/BaseFlattenNormalMap.uasset" 80
"../../../Engine/Content/EngineMaterials/BaseFlattenMaterial.uasset" 81
"../../../Engine/Content/EngineMaterials/BlueNoise.uasset" 82
"../../../Engine/Content/EngineMaterials/DefaultBloomKernel.uasset" 83
"../../../Engine/Content/EngineMaterials/DefaultBokeh.uasset" 84
"../../../Engine/Content/EngineMaterials/DefaultDiffuse.uasset" 85
"../../../Engine/Content/EngineMaterials/DefaultDeferredDecalMaterial.uasset" 86
"../../../Engine/Content/EngineMaterials/DefaultLightFunctionMaterial.uasset" 87
"../../../Engine/Content/EngineMaterials/DefaultPhysicalMaterial.uasset" 88
"../../../Engine/Content/Functions/Engine_MaterialFunctions02/Utility/BreakOutFloat2Components.uasset" 89
"../../../Engine/Content/EngineMaterials/DefaultPostProcessMaterial.uasset" 90
"../../../Engine/Content/EngineFonts/RobotoDistanceField.uasset" 91
"../../../Engine/Content/EngineMaterials/DefaultTextMaterialOpaque.uasset" 92
"../../../Engine/Content/EngineMaterials/DefaultVirtualTextureMaterial.uasset" 93
"../../../Engine/Content/EngineMaterials/DefaultWhiteGrid.uasset" 94
"../../../Engine/Content/EngineMaterials/EditorBrushMaterial.uasset" 95
"../../../Engine/Content/EngineMaterials/DefaultWhiteGrid_Low.uasset" 96
"../../../Engine/Content/EngineMaterials/EmissiveMeshMaterial.uasset" 97
"../../../Engine/Content/EngineMaterials/Good64x64TilingNoiseHighFreq.uasset" 98
"../../../Engine/Content/EngineMaterials/MiniFont.uasset" 99
"../../../Engine/Content/EngineMaterials/InvalidLightmapSettings.uasset" 100
"../../../Engine/Content/EngineMaterials/M_InvalidLightmapSettings.uasset" 101
"../../../Engine/Content/Functions/Engine_MaterialFunctions02/WorldPositionOffset/CameraOffset.uasset" 102
"../../../Engine/Content/EngineMaterials/PhAT_JointLimitMaterial.uasset" 103
"../../../Engine/Content/EngineMaterials/PreintegratedSkinBRDF.uasset" 104
"../../../Engine/Content/EngineMaterials/RemoveSurfaceMaterial.uasset" 105
"../../../Engine/Content/EngineMaterials/WeightMapPlaceholderTexture.uasset" 106
"../../../Engine/Content/EngineResources/WhiteSquareTexture.uasset" 107
"../../../Engine/Content/EngineMaterials/Widget3DPassThrough.uasset" 108
"../../../Engine/Content/EngineMaterials/Widget3DPassThrough_Masked.uasset" 109
"../../../Engine/Content/EngineMaterials/Widget3DPassThrough_Opaque.uasset" 110
"../../../Engine/Content/EngineMaterials/Widget3DPassThrough_Masked_OneSided.uasset" 111
"../../../Engine/Content/EngineMaterials/Widget3DPassThrough_Opaque_OneSided.uasset" 112
"../../../Engine/Content/EngineMaterials/Widget3DPassThrough_Translucent.uasset" 113
"../../../Engine/Content/EngineMaterials/Widget3DPassThrough_Translucent_OneSided.uasset" 114
"../../../Engine/Content/EngineMeshes/Cube.uasset" 115
"../../../Engine/Content/EngineMeshes/Cylinder.uasset" 116
"../../../Engine/Content/EngineMeshes/Sphere.uasset" 117
"../../../Engine/Content/EngineResources/Black.uasset" 118
"../../../Engine/Content/EngineResources/DefaultTexture.uasset" 119
"../../../Engine/Content/EngineResources/DefaultTextureCube.uasset" 120
"../../../Engine/Content/EngineResources/DefaultVolumeTexture2D.uasset" 121
"../../../Engine/Content/EngineResources/DefaultVolumeTexture.uasset" 122
"../../../Engine/Content/EngineResources/GradientTexture0.uasset" 123
"../../../Engine/Content/EngineSounds/Master.uasset" 124
"../../../Engine/Content/Functions/Engine_MaterialFunctions01/Shading/ConvertFromDiffSpec.uasset" 125
"../../../Engine/Content/Functions/Engine_MaterialFunctions01/Shading/PowerToRoughness.uasset" 126
"../../../Engine/Content/Maps/Templates/Thumbnails/Default.uasset" 127
"../../../Engine/Content/Maps/Templates/Thumbnails/VR-Basic.uasset" 128
"../../../Engine/Content/MobileResources/T_MobileControls_texture.uasset" 129
"../../../Engine/Content/MobileResources/T_MobileMenu2.uasset" 130
"../../../Engine/Content/MobileResources/HUD/AnalogHat.uasset" 131
"../../../Engine/Content/MobileResources/HUD/VirtualJoystick_Background.uasset" 132
"../../../Engine/Content/MobileResources/HUD/VirtualJoystick_Thumb.uasset" 133
"../../../Engine/Content/MobileResources/HUD/DefaultVirtualJoysticks.uasset" 134
"../../../Engine/Content/MobileResources/HUD/LeftVirtualJoystickOnly.uasset" 135
"../../../Engine/Content/MobileResources/HUD/MobileHUDButton1_off.uasset" 136
"../../../Engine/Content/MobileResources/HUD/MobileHUDButton1_on.uasset" 137
"../../../Engine/Content/MobileResources/HUD/MobileHUDButton2_off.uasset" 138
"../../../Engine/Content/MobileResources/HUD/MobileHUDButton2_on.uasset" 139
"../../../Engine/Content/MobileResources/HUD/MobileHUDButton3.uasset" 140
"../../../Engine/Content/MobileResources/HUD/MobileHUDButtonFire.uasset" 141
"../../../Engine/Content/MobileResources/HUD/MobileHUDDirectionPad.uasset" 142
"../../../Engine/Content/MobileResources/HUD/MobileHUDDirectionPad2.uasset" 143
"../../../Engine/Content/MobileResources/HUD/MobileHUDDirectionPad3.uasset" 144
"../../../Engine/Content/MobileResources/HUD/MobileHUDDirectionStick.uasset" 145
"../../../Engine/Content/MobileResources/HUD/T_Castle_ThumbstickInner.uasset" 146
"../../../Engine/Content/MobileResources/HUD/T_Castle_ThumbstickOutter.uasset" 147
"../../../Engine/Content/Tutorial/ContentIntroCurve.uasset" 148
"../../../Engine/Content/Tutorial/Basics/LevelEditorAttract.uasset" 149
"../../../Engine/Content/Tutorial/Basics/TutorialAssets/icon_tab_Levels_40x.uasset" 150
"../../../Engine/Content/Tutorial/Basics/LevelEditorOverview.uasset" 151
"../../../Engine/Content/Tutorial/BlueprintTutorials/TutorialAssets/Blueprint_64x.uasset" 152
"../../../Engine/Content/Tutorial/BlueprintTutorials/BlueprintEditorTutorial.uasset" 153
"../../../Engine/Content/Tutorial/BlueprintTutorials/LevelBlueprintEditorOverview.uasset" 154
"../../../Engine/Content/Tutorial/Installation/InstallingVisualStudioTutorial.uasset" 155
"../../../Engine/Content/Tutorial/SubEditors/MaterialEditorTutorial.uasset" 156
"../../../Engine/Content/Tutorial/SubEditors/ParticleSystemEditorTutorial.uasset" 157
"../../../Engine/Content/Tutorial/SubEditors/StaticMeshEditorTutorial.uasset" 158
"../../../Engine/Content/Tutorial/SubEditors/TutorialAssets/TutorialMaterial.uasset" 159
"../../../Engine/Content/Tutorial/SubEditors/TutorialAssets/T_SmokeSubUV_8X8.uasset" 160
"../../../Engine/Content/Tutorial/SubEditors/TutorialAssets/T_soft_smoke.uasset" 161
"../../../Engine/Content/Tutorial/SubEditors/TutorialAssets/M_smoke_subUV_blackbody.uasset" 162
"../../../Engine/Content/Tutorial/SubEditors/TutorialAssets/TutorialParticleSystem.uasset" 163
"../../../Engine/Content/VREditor/LaserPointer/VR_LaserPower_01.uasset" 164
"../../../Engine/Content/VREditor/TransformGizmo/TransformGizmoMaterial.uasset" 165
"../../../Engine/Content/VREditor/TransformGizmo/TranslucentTransformGizmoMaterial.uasset" 166
"../../../Engine/Content/VREditor/TransformGizmo/BoundingBoxCorner.uasset" 167
"../../../Engine/Content/VREditor/TransformGizmo/BoundingBoxEdge.uasset" 168
"../../../Engine/Content/VREditor/TransformGizmo/PlaneTranslationHandle.uasset" 169
"../../../Engine/Content/VREditor/TransformGizmo/Main.uasset" 170
"../../../Engine/Content/VREditor/TransformGizmo/Xray.uasset" 171
"../../../Engine/Content/VREditor/TransformGizmo/SM_Sequencer_Key.uasset" 172
"../../../Engine/Content/VREditor/TransformGizmo/SM_Sequencer_Node.uasset" 173
"../../Plugins/2D/Paper2D/Content/PlaceholderTextures/DummySpriteTexture.uasset" 174
"../../Plugins/2D/Paper2D/Content/DummySprite.uasset" 175
"../../Plugins/2D/Paper2D/Content/DefaultPaperTerrainMaterial.uasset" 176
"../../Plugins/2D/Paper2D/Content/DummySpriteTexture.uasset" 177
"../../Plugins/2D/Paper2D/Content/DefaultSpriteMaterial.uasset" 178
"../../Plugins/2D/Paper2D/Content/MaskedUnlitSpriteMaterial.uasset" 179
"../../Plugins/2D/Paper2D/Content/OpaqueUnlitSpriteMaterial.uasset" 180
"../../Plugins/Runtime/Oculus/OculusVR/Content/OculusMR_RenderTarget.uasset" 181
"../../../Engine/Content/Functions/Engine_MaterialFunctions02/Utility/BreakOutFloat4Components.uasset" 182
"../../../Engine/Content/Functions/Engine_MaterialFunctions02/Utility/MakeFloat2.uasset" 183
"../../../Engine/Content/Functions/Engine_MaterialFunctions02/Utility/MakeFloat3.uasset" 184
"../../Plugins/Runtime/Oculus/OculusVR/Content/Materials/OculusMR_ChromaKey.uasset" 185
"../../Plugins/Runtime/Oculus/OculusVR/Content/Materials/OculusMR_ChromaKey_Lit.uasset" 186
"../../Plugins/Runtime/Oculus/OculusVR/Content/Materials/OculusMR_OpaqueColoredMaterial.uasset" 187
"../../Plugins/Runtime/Oculus/OculusVR/Content/Materials/OculusMR_WhiteMaterial.uasset" 188
"../../../Engine/Content/EditorBlueprintResources/StandardMacros.uasset" 189
"../../../../../../Users/capti/Desktop/Unreal Games/CurdleJam35-Repo/Project/Content/Blueprints/LeftPaddle.uasset" 190
"../../../Engine/Content/BasicShapes/BasicShapeMaterial.uasset" 191
"../../../Engine/Content/BasicShapes/Cube.uasset" 192
"../../../../../../Users/capti/Desktop/Unreal Games/CurdleJam35-Repo/Project/Content/Blueprints/KillBox.uasset" 193
"../../../../../../Users/capti/Desktop/Unreal Games/CurdleJam35-Repo/Project/Content/Particles/blue_particle2_finalsize.uasset" 194
"../../../../../../Users/capti/Desktop/Unreal Games/CurdleJam35-Repo/Project/Content/Particles/Particle.uasset" 195
"../../../../../../Users/capti/Desktop/Unreal Games/CurdleJam35-Repo/Project/Content/Particles/Sun.uasset" 196
"../../../../../../Users/capti/Desktop/Unreal Games/CurdleJam35-Repo/Project/Content/Blueprints/PlayerControls.uasset" 197
"../../../Engine/Content/BasicShapes/Sphere.uasset" 198
"../../../../../../Users/capti/Desktop/Unreal Games/CurdleJam35-Repo/Project/Content/SFX/fail.uasset" 199
"../../../../../../Users/capti/Desktop/Unreal Games/CurdleJam35-Repo/Project/Content/Blueprints/Ball.uasset" 200
"../../../../../../Users/capti/Desktop/Unreal Games/CurdleJam35-Repo/Project/Content/Leotest/ball.uasset" 201
"../../../../../../Users/capti/Desktop/Unreal Games/CurdleJam35-Repo/Project/Content/Materials/Glass.uasset" 202
"../../../Engine/Content/BasicShapes/Cylinder.uasset" 203
"../../../../../../Users/capti/Desktop/Unreal Games/CurdleJam35-Repo/Project/Content/Particles/Blue1.uasset" 204
"../../../../../../Users/capti/Desktop/Unreal Games/CurdleJam35-Repo/Project/Content/Particles/PinParticles.uasset" 205
"../../../../../../Users/capti/Desktop/Unreal Games/CurdleJam35-Repo/Project/Content/Blueprints/Pin.uasset" 206
"../../../../../../Users/capti/Desktop/Unreal Games/CurdleJam35-Repo/Project/Content/Blueprints/RightPaddle.uasset" 207
"../../../../../../Users/capti/Desktop/Unreal Games/CurdleJam35-Repo/Project/Content/NewMap_BuiltData.uasset" 208
"../../../../../../Users/capti/Desktop/Unreal Games/CurdleJam35-Repo/Project/Content/NewMap.umap" 209
"../../../../../../Users/capti/Desktop/Unreal Games/CurdleJam35-Repo/Project/Content/ka1.uasset" 210
"../../../../../../Users/capti/Desktop/Unreal Games/CurdleJam35-Repo/Project/Content/ka1_Font.uasset" 211
"../../../../../../Users/capti/Desktop/Unreal Games/CurdleJam35-Repo/Project/Content/UI/button_finalsize.uasset" 212
"../../../../../../Users/capti/Desktop/Unreal Games/CurdleJam35-Repo/Project/Content/UI/clock_finalsize.uasset" 213
"../../../../../../Users/capti/Desktop/Unreal Games/CurdleJam35-Repo/Project/Content/Blueprints/PlayerScore.uasset" 214
"../../../../../../Users/capti/Desktop/Unreal Games/CurdleJam35-Repo/Project/Content/SFX/Phillip_Gross_-_Chicken_Burger.uasset" 215
"../../../../../../Users/capti/Desktop/Unreal Games/CurdleJam35-Repo/Project/Content/Blueprints/Music.uasset" 216
"../../../../../../Users/capti/Desktop/Unreal Games/CurdleJam35-Repo/Project/Content/tester_BuiltData.uasset" 217
"../../../../../../Users/capti/Desktop/Unreal Games/CurdleJam35-Repo/Project/Content/Materials/Blue.uasset" 218
"../../../../../../Users/capti/Desktop/Unreal Games/CurdleJam35-Repo/Project/Content/Materials/Bottom.uasset" 219
"../../../../../../Users/capti/Desktop/Unreal Games/CurdleJam35-Repo/Project/Content/Materials/Pixel.uasset" 220
"../../../../../../Users/capti/Desktop/Unreal Games/CurdleJam35-Repo/Project/Content/Materials/Red.uasset" 221
"../../../../../../Users/capti/Desktop/Unreal Games/CurdleJam35-Repo/Project/Content/Materials/Walls.uasset" 222
"../../../../../../Users/capti/Desktop/Unreal Games/CurdleJam35-Repo/Project/Content/Materials/EmissiveBase.uasset" 223
"../../../../../../Users/capti/Desktop/Unreal Games/CurdleJam35-Repo/Project/Content/Materials/Moon.uasset" 224
"../../../../../../Users/capti/Desktop/Unreal Games/CurdleJam35-Repo/Project/Content/Materials/Sun.uasset" 225
"../../../../../../Users/capti/Desktop/Unreal Games/CurdleJam35-Repo/Project/Content/Particles/Moon.uasset" 226
"../../../../../../Users/capti/Desktop/Unreal Games/CurdleJam35-Repo/Project/Content/SFX/blip_high.uasset" 227
"../../../../../../Users/capti/Desktop/Unreal Games/CurdleJam35-Repo/Project/Content/SFX/blip_low.uasset" 228
"../../../../../../Users/capti/Desktop/Unreal Games/CurdleJam35-Repo/Project/Content/tester.umap" 229
"../../../Engine/Content/EngineSky/C_Sky_Cloud_Color.uasset" 230
"../../../Engine/Content/EngineSky/C_Sky_Horizon_Color.uasset" 231
"../../../Engine/Content/EngineSky/C_Sky_Zenith_Color.uasset" 232
"../../../Engine/Content/EngineSky/T_Sky_Blue.uasset" 233
"../../../Engine/Content/EngineSky/T_Sky_Clouds_M.uasset" 234
"../../../Engine/Content/EngineSky/T_Sky_Stars.uasset" 235
"../../../Engine/Content/EngineSky/M_Sky_Panning_Clouds2.uasset" 236
"../../../Engine/Content/EngineSky/SM_SkySphere.uasset" 237
"../../../Engine/Content/EngineSky/BP_Sky_Sphere.uasset" 238
"../../../../../../Users/capti/Desktop/Unreal Games/CurdleJam35-Repo/Project/Content/Leotest/arrows.uasset" 239
"../../../../../../Users/capti/Desktop/Unreal Games/CurdleJam35-Repo/Project/Content/Leotest/square.uasset" 240
"../../../../../../Users/capti/Desktop/Unreal Games/CurdleJam35-Repo/Project/Content/Leotest/ArrowAnimation.uasset" 241
"../../../Engine/Content/BasicShapes/Plane.uasset" 242
"../../../../../../Users/capti/Desktop/Unreal Games/CurdleJam35-Repo/Project/Content/Leotest/defaultMat.uasset" 243
"../../../../../../Users/capti/Desktop/Unreal Games/CurdleJam35-Repo/Project/Content/Leotest/map.uasset" 244
"../../../../../../Users/capti/Desktop/Unreal Games/CurdleJam35-Repo/Project/Content/Leotest/Leo_test.umap" 245
"../../../../../../Users/capti/Desktop/Unreal Games/CurdleJam35-Repo/Project/Content/Physics/Bouncy.uasset" 246
"../../../../../../Users/capti/Desktop/Unreal Games/CurdleJam35-Repo/Project/Content/Blueprints/MenuBall.uasset" 247
"../../../../../../Users/capti/Desktop/Unreal Games/CurdleJam35-Repo/Project/Content/MainMenu/MenuGameMode.uasset" 248
"../../../../../../Users/capti/Desktop/Unreal Games/CurdleJam35-Repo/Project/Content/MainMenu/Menu_BuiltData.uasset" 249
"../../../../../../Users/capti/Desktop/Unreal Games/CurdleJam35-Repo/Project/Content/UI/eclipse_title_finalsize.uasset" 250
"../../../../../../Users/capti/Desktop/Unreal Games/CurdleJam35-Repo/Project/Content/MainMenu/MenuUI.uasset" 251
"../../../../../../Users/capti/Desktop/Unreal Games/CurdleJam35-Repo/Project/Content/MainMenu/Menu.umap" 252
"../../../Engine/Content/Maps/Entry_BuiltData.uasset" 253
"../../../Engine/Content/Maps/Entry.umap" 254
